C:\USERS\BOUSEBSI\DOCUMENTS\NIZAR\PROJECT\GOSOUND\GOSOUND\GOSOUND.EXE
C:\USERS\BOUSEBSI\DOCUMENTS\NIZAR\PROJECT\GOSOUND\GOSOUND\GOSOUND.ILK
C:\USERS\BOUSEBSI\DOCUMENTS\NIZAR\PROJECT\GOSOUND\GOSOUND\GOSOUND.PDB
C:\Users\Bousebsi\Documents\Nizar\project\Gosound\gosound\gosound\Debug\cl.command.1.tlog
C:\Users\Bousebsi\Documents\Nizar\project\Gosound\gosound\gosound\Debug\CL.read.1.tlog
C:\Users\Bousebsi\Documents\Nizar\project\Gosound\gosound\gosound\Debug\CL.write.1.tlog
C:\Users\Bousebsi\Documents\Nizar\project\Gosound\gosound\gosound\Debug\custombuild.command.1.tlog
C:\Users\Bousebsi\Documents\Nizar\project\Gosound\gosound\gosound\Debug\custombuild.read.1.tlog
C:\Users\Bousebsi\Documents\Nizar\project\Gosound\gosound\gosound\Debug\custombuild.write.1.tlog
C:\USERS\BOUSEBSI\DOCUMENTS\NIZAR\PROJECT\GOSOUND\GOSOUND\GOSOUND\DEBUG\GOSOUND.EXE.INTERMEDIATE.MANIFEST
C:\USERS\BOUSEBSI\DOCUMENTS\NIZAR\PROJECT\GOSOUND\GOSOUND\GOSOUND\DEBUG\GOSOUND.OBJ
C:\Users\Bousebsi\Documents\Nizar\project\Gosound\gosound\gosound\Debug\link.command.1.tlog
C:\Users\Bousebsi\Documents\Nizar\project\Gosound\gosound\gosound\Debug\link.read.1.tlog
C:\Users\Bousebsi\Documents\Nizar\project\Gosound\gosound\gosound\Debug\link.read.2.tlog
C:\Users\Bousebsi\Documents\Nizar\project\Gosound\gosound\gosound\Debug\link.write.1.tlog
C:\USERS\BOUSEBSI\DOCUMENTS\NIZAR\PROJECT\GOSOUND\GOSOUND\GOSOUND\DEBUG\MAIN.OBJ
C:\USERS\BOUSEBSI\DOCUMENTS\NIZAR\PROJECT\GOSOUND\GOSOUND\GOSOUND\DEBUG\MOC_GOSOUND.OBJ
C:\Users\Bousebsi\Documents\Nizar\project\Gosound\gosound\gosound\Debug\mt.command.1.tlog
C:\Users\Bousebsi\Documents\Nizar\project\Gosound\gosound\gosound\Debug\mt.read.1.tlog
C:\Users\Bousebsi\Documents\Nizar\project\Gosound\gosound\gosound\Debug\mt.write.1.tlog
C:\USERS\BOUSEBSI\DOCUMENTS\NIZAR\PROJECT\GOSOUND\GOSOUND\GOSOUND\DEBUG\QRC_GOSOUND.OBJ
C:\USERS\BOUSEBSI\DOCUMENTS\NIZAR\PROJECT\GOSOUND\GOSOUND\GOSOUND\DEBUG\SOUND.OBJ
C:\USERS\BOUSEBSI\DOCUMENTS\NIZAR\PROJECT\GOSOUND\GOSOUND\GOSOUND\DEBUG\VC100.PDB
C:\USERS\BOUSEBSI\DOCUMENTS\NIZAR\PROJECT\GOSOUND\GOSOUND\GOSOUND\GENERATEDFILES\DEBUG\MOC_GOSOUND.CPP
C:\USERS\BOUSEBSI\DOCUMENTS\NIZAR\PROJECT\GOSOUND\GOSOUND\GOSOUND\GENERATEDFILES\QRC_GOSOUND.CPP
C:\USERS\BOUSEBSI\DOCUMENTS\NIZAR\PROJECT\GOSOUND\GOSOUND\GOSOUND\GENERATEDFILES\UI_GOSOUND.H
