Build started 08/10/2011 23:02:21.
     1>Project "C:\Users\Bousebsi\Documents\Nizar\project\Gosound\gosound\gosound\gosound.vcxproj" on node 2 (build target(s)).
     1>InitializeBuildStatus:
         Touching "Release\gosound.unsuccessfulbuild".
       CustomBuild:
         All outputs are up-to-date.
       ClCompile:
         C:\Program Files\Microsoft Visual Studio 10.0\VC\bin\CL.exe /c /I.\GeneratedFiles /IC:\Qt\4.7.4\include /I.\GeneratedFiles\Release /IC:\Qt\4.7.4\include\qtmain /IC:\Qt\4.7.4\include\QtCore /IC:\Qt\4.7.4\include\QtGui /I.\ /nologo /W1 /WX- /O2 /Oy- /D UNICODE /D WIN32 /D QT_LARGEFILE_SUPPORT /D QT_NO_DEBUG /D NDEBUG /D QT_CORE_LIB /D QT_GUI_LIB /Gm- /EHsc /MD /GS /fp:precise /Zc:wchar_t- /Zc:forScope /Fo"Release\\" /Fd"Release\vc100.pdb" /Gd /TP /analyze- /errorReport:prompt main.cpp
         main.cpp
         C:\Program Files\Microsoft Visual Studio 10.0\VC\bin\CL.exe /c /I.\GeneratedFiles /IC:\Qt\4.7.4\include /I.\GeneratedFiles\Release /IC:\Qt\4.7.4\include\qtmain /IC:\Qt\4.7.4\include\QtCore /IC:\Qt\4.7.4\include\QtGui /I.\ /nologo /W1 /WX- /O2 /Oy- /D UNICODE /D WIN32 /D QT_LARGEFILE_SUPPORT /D QT_NO_DEBUG /D NDEBUG /D QT_CORE_LIB /D QT_GUI_LIB /Gm- /EHsc /MD /GS /fp:precise /Zc:wchar_t- /Zc:forScope /Fo"Release\\" /Fd"Release\vc100.pdb" /Gd /TP /analyze- /errorReport:prompt GeneratedFiles\qrc_gosound.cpp
         qrc_gosound.cpp
       Link:
         C:\Program Files\Microsoft Visual Studio 10.0\VC\bin\link.exe /ERRORREPORT:PROMPT /OUT:"C:\Users\Bousebsi\Documents\Nizar\project\Gosound\gosound\\gosound.exe" /NOLOGO /LIBPATH:C:\Qt\4.7.4\lib qtmain.lib QtCore4.lib QtGui4.lib kernel32.lib user32.lib gdi32.lib winspool.lib comdlg32.lib advapi32.lib shell32.lib ole32.lib oleaut32.lib uuid.lib odbc32.lib odbccp32.lib /MANIFEST /ManifestFile:"Release\gosound.exe.intermediate.manifest" /MANIFESTUAC:"level='asInvoker' uiAccess='false'" /PDB:"C:\Users\Bousebsi\Documents\Nizar\project\Gosound\gosound\gosound.pdb" /SUBSYSTEM:WINDOWS /TLBID:1 /DYNAMICBASE /NXCOMPAT /IMPLIB:"C:\Users\Bousebsi\Documents\Nizar\project\Gosound\gosound\gosound.lib" /MACHINE:X86 Release\engine.obj
         Release\qrc_gosound.obj
         Release\moc_gosound.obj
         Release\gosound.obj
         Release\main.obj
         gosound.vcxproj -> C:\Users\Bousebsi\Documents\Nizar\project\Gosound\gosound\gosound.exe
       Manifest:
         C:\Program Files\Microsoft SDKs\Windows\v7.0A\bin\mt.exe /nologo /verbose /outputresource:"C:\Users\Bousebsi\Documents\Nizar\project\Gosound\gosound\\gosound.exe;#1" /manifest Release\gosound.exe.intermediate.manifest
       FinalizeBuildStatus:
         Deleting file "Release\gosound.unsuccessfulbuild".
         Touching "Release\gosound.lastbuildstate".
     1>Done Building Project "C:\Users\Bousebsi\Documents\Nizar\project\Gosound\gosound\gosound\gosound.vcxproj" (build target(s)).

Build succeeded.

Time Elapsed 00:00:02.12
